1763647887897	geckodriver	INFO	Listening on 127.0.0.1:55558
1763647887908	mozrunner::runner	INFO	Running command: MOZ_CRASHREPORTER="1" MOZ_CRASHREPORTER_NO_REPORT="1" MOZ_CRASHREPORTER_SHUTDOWN="1" "/Users/nurkhantashimov ... s" "localhost" "-foreground" "-no-remote" "-profile" "/var/folders/gt/6f4v4jmx555d437cvfwl7td40000gn/T/rust_mozprofilekDMHct"
console.warn: services.settings: Ignoring preference override of remote settings server
console.warn: services.settings: Allow by setting MOZ_REMOTE_SETTINGS_DEVTOOLS=1 in the environment
1763647888216	Marionette	INFO	Marionette enabled
1763647888367	Marionette	INFO	Listening on port 55571
WebDriver BiDi listening on ws://127.0.0.1:55559
Read port: 55571
1763647888472	RemoteAgent	WARN	TLS certificate errors will be ignored for this session
UNSUPPORTED (log once): POSSIBLE ISSUE: unit 1 GLD_TEXTURE_INDEX_2D is unloadable and bound to sampler type (Float) - using zero texture because texture unloadable
JavaScript warning: https://www.booking.com/__challenge_h78IRKX3kpQxScCExxShBNwRUlb/d8c14d4960ca/a18a4859af9c/challenge.js, line 1: WEBGL_debug_renderer_info is deprecated in Firefox and will be removed. Please use RENDERER.
JavaScript warning: https://www.booking.com/__challenge_h78IRKX3kpQxScCExxShBNwRUlb/d8c14d4960ca/a18a4859af9c/challenge.js, line 1: WEBGL_debug_renderer_info is deprecated in Firefox and will be removed. Please use RENDERER.
JavaScript error: resource:///modules/sessionstore/SessionStore.sys.mjs, line 4387: TypeError: can't access property "closedGroups", winData is undefined
JavaScript warning: https://cf.bstatic.com/psb/capla/static/js/cfaf9a2b.10c049d1.chunk.js, line 1: Script terminated by timeout at:
E@https://cf.bstatic.com/psb/capla/static/js/cfaf9a2b.10c049d1.chunk.js:1:19494

1763647918107	Marionette	INFO	Stopped listening on port 55571
console.error: "Failed to fetch https://spocs.getpocket.com/user:" "NetworkError when attempting to fetch resource."
console.error: (new TypeError("NetworkError when attempting to fetch resource.", ""))
console.error: (new Error("OHTTP was configured for https://ads.mozilla.org/v1/delete_user but we couldn't fetch a valid config", "moz-src:///browser/modules/ContextId.sys.mjs", 234))
console.warn: TopSitesFeed: Failed to fetch data from MARS server: NetworkError when attempting to fetch resource.
JavaScript error: resource://gre/modules/ObliviousHTTP.sys.mjs, line 117: NS_ERROR_XPC_CANT_CONVERT_PRIMITIVE_TO_ARRAY: Cannot convert primitive JavaScript value into an array arg 2 [nsIObliviousHttpService.newChannel]
JavaScript error: resource:///modules/AboutNewTab.sys.mjs, line 242: NS_ERROR_ILLEGAL_VALUE: Component returned failure code: 0x80070057 (NS_ERROR_ILLEGAL_VALUE) [nsIObserverService.removeObserver]
JavaScript error: resource://gre/modules/JSONFile.sys.mjs, line 432: TypeError: can't access property "toJSONSafe", this._data is null
