1763647866635	geckodriver	INFO	Listening on 127.0.0.1:55269
1763647866708	mozrunner::runner	INFO	Running command: MOZ_CRASHREPORTER="1" MOZ_CRASHREPORTER_NO_REPORT="1" MOZ_CRASHREPORTER_SHUTDOWN="1" "/Users/nurkhantashimov ... s" "localhost" "-foreground" "-no-remote" "-profile" "/var/folders/gt/6f4v4jmx555d437cvfwl7td40000gn/T/rust_mozprofileZgZJgF"
console.warn: services.settings: Ignoring preference override of remote settings server
console.warn: services.settings: Allow by setting MOZ_REMOTE_SETTINGS_DEVTOOLS=1 in the environment
1763647867052	Marionette	INFO	Marionette enabled
1763647867210	Marionette	INFO	Listening on port 55279
WebDriver BiDi listening on ws://127.0.0.1:55270
Read port: 55279
1763647867308	RemoteAgent	WARN	TLS certificate errors will be ignored for this session
UNSUPPORTED (log once): POSSIBLE ISSUE: unit 1 GLD_TEXTURE_INDEX_2D is unloadable and bound to sampler type (Float) - using zero texture because texture unloadable
JavaScript warning: https://www.booking.com/__challenge_h78IRKX3kpQxScCExxShBNwRUlb/d8c14d4960ca/a18a4859af9c/challenge.js, line 1: WEBGL_debug_renderer_info is deprecated in Firefox and will be removed. Please use RENDERER.
1763647870335	Marionette	INFO	Stopped listening on port 55279
JavaScript warning: https://www.booking.com/__challenge_h78IRKX3kpQxScCExxShBNwRUlb/d8c14d4960ca/a18a4859af9c/challenge.js, line 1: WEBGL_debug_renderer_info is deprecated in Firefox and will be removed. Please use RENDERER.
JavaScript warning: https://www.booking.com/__challenge_h78IRKX3kpQxScCExxShBNwRUlb/d8c14d4960ca/a18a4859af9c/challenge.js, line 1: Script terminated by timeout at:
_0x302d84@https://www.booking.com/__challenge_h78IRKX3kpQxScCExxShBNwRUlb/d8c14d4960ca/a18a4859af9c/challenge.js:1:938774
_0x3b4235@https://www.booking.com/__challenge_h78IRKX3kpQxScCExxShBNwRUlb/d8c14d4960ca/a18a4859af9c/challenge.js:1:889441
ljFTl@https://www.booking.com/__challenge_h78IRKX3kpQxScCExxShBNwRUlb/d8c14d4960ca/a18a4859af9c/challenge.js:1:913484
_0x1038bc@https://www.booking.com/__challenge_h78IRKX3kpQxScCExxShBNwRUlb/d8c14d4960ca/a18a4859af9c/challenge.js:1:915716
MJYFb@https://www.booking.com/__challenge_h78IRKX3kpQxScCExxShBNwRUlb/d8c14d4960ca/a18a4859af9c/challenge.js:1:892231
cLyOF@https://www.booking.com/__challenge_h78IRKX3kpQxScCExxShBNwRUlb/d8c14d4960ca/a18a4859af9c/challenge.js:1:893943
QBAQS@https://www.booking.com/__challenge_h78IRKX3kpQxScCExxShBNwRUlb/d8c14d4960ca/a18a4859af9c/challenge.js:1:896290
_0x15225b/</</</</<@https://www.booking.com/__challenge_h78IRKX3kpQxScCExxShBNwRUlb/d8c14d4960ca/a18a4859af9c/challenge.js:1:901899
_0x37a20d/_0x46141c/</<@https://www.booking.com/__challenge_h78IRKX3kpQxScCExxShBNwRUlb/d8c14d4960ca/a18a4859af9c/challenge.js:1:867317
_0x37a20d/_0x46141c/<@https://www.booking.com/__challenge_h78IRKX3kpQxScCExxShBNwRUlb/d8c14d4960ca/a18a4859af9c/challenge.js:1:869641
_0x35fa5b@https://www.booking.com/__challenge_h78IRKX3kpQxScCExxShBNwRUlb/d8c14d4960ca/a18a4859af9c/challenge.js:1:860407

console.error: "Failed to fetch https://spocs.getpocket.com/user:" "NetworkError when attempting to fetch resource."
console.error: (new TypeError("NetworkError when attempting to fetch resource.", ""))
console.error: (new Error("OHTTP was configured for https://ads.mozilla.org/v1/delete_user but we couldn't fetch a valid config", "moz-src:///browser/modules/ContextId.sys.mjs", 234))
console.warn: TopSitesFeed: Failed to fetch data from MARS server: NetworkError when attempting to fetch resource.
JavaScript error: resource://gre/modules/ObliviousHTTP.sys.mjs, line 117: NS_ERROR_XPC_CANT_CONVERT_PRIMITIVE_TO_ARRAY: Cannot convert primitive JavaScript value into an array arg 2 [nsIObliviousHttpService.newChannel]
console.error: services.settings: 
  Remote Settings startup changesets bundle could not be extracted (TypeError: NetworkError: Network request failed)
console.error: services.settings: 
Object
  - prototype Object
    - columnNumber = 0
    - data = null
    - filename = resource://gre/modules/ServiceRequest.sys.mjs
    - lineNumber = 126
    - location = {"name":"open","filename":"resource://gre/modules/ServiceRequest.sys.mjs","sourceId":25,"lineNumber":126,"columnNumber":11,"asyncCause":null,"asyncCaller":null,"caller":{"filename":"resource://services-settings/Utils.sys.mjs","name":"fetch/<","sourceId":24,"lineNumber":272,"columnNumber":15,"asyncCause":null,"asyncCaller":null,"caller":{"filename":"resource://services-settings/Utils.sys.mjs","name":"fetch","sourceId":24,"lineNumber":223,"columnNumber":12,"asyncCause":null,"asyncCaller":null,"caller":{"filename":"resource://services-settings/Utils.sys.mjs","name":"fetchLatestChanges","sourceId":24,"lineNumber":433,"columnNumber":34,"asyncCause":null,"asyncCaller":null,"caller":{"filename":"resource://services-settings/RemoteSettingsClient.sys.mjs","name":"sync","sourceId":22,"lineNumber":658,"columnNumber":42,"asyncCause":null,"asyncCaller":null,"caller":{"filename":"resource://services-settings/RemoteSettingsClient.sys.mjs","name":"get/this._importingPromise<","sourceId":22,"lineNumber":496,"columnNumber":28,"asyncCause":null,"asyncCaller":null,"caller":null,"formattedStack":"get/this._importingPromise<@resource://services-settings/RemoteSettingsClient.sys.mjs:496:28\n","nativeSavedFrame":{}},"formattedStack":"sync@resource://services-settings/RemoteSettingsClient.sys.mjs:658:42\nget/this._importingPromise<@resource://services-settings/RemoteSettingsClient.sys.mjs:496:28\n","nativeSavedFrame":{}},"formattedStack":"fetchLatestChanges@resource://services-settings/Utils.sys.mjs:433:34\nsync@resource://services-settings/RemoteSettingsClient.sys.mjs:658:42\nget/this._importingPromise<@resource://services-settings/RemoteSettingsClient.sys.mjs:496:28\n","nativeSavedFrame":{}},"formattedStack":"fetch@resource://services-settings/Utils.sys.mjs:223:12\nfetchLatestChanges@resource://services-settings/Utils.sys.mjs:433:34\nsync@resource://services-settings/RemoteSettingsClient.sys.mjs:658:42\nget/this._importingPromise<@resource://services-settings/RemoteSettingsClient.sys.mjs:496:28\n","nativeSavedFrame":{}},"formattedStack":"fetch/<@resource://services-settings/Utils.sys.mjs:272:15\nfetch@resource://services-settings/Utils.sys.mjs:223:12\nfetchLatestChanges@resource://services-settings/Utils.sys.mjs:433:34\nsync@resource://services-settings/RemoteSettingsClient.sys.mjs:658:42\nget/this._importingPromise<@resource://services-settings/RemoteSettingsClient.sys.mjs:496:28\n","nativeSavedFrame":{}},"formattedStack":"open@resource://gre/modules/ServiceRequest.sys.mjs:126:11\nfetch/<@resource://services-settings/Utils.sys.mjs:272:15\nfetch@resource://services-settings/Utils.sys.mjs:223:12\nfetchLatestChanges@resource://services-settings/Utils.sys.mjs:433:34\nsync@resource://services-settings/RemoteSettingsClient.sys.mjs:658:42\nget/this._importingPromise<@resource://services-settings/RemoteSettingsClient.sys.mjs:496:28\n","nativeSavedFrame":{}}
    - message = 
    - name = 
    - result = 2152071198
    - stack = open@resource://gre/modules/ServiceRequest.sys.mjs:126:11|fetch/<@resource://services-settings/Utils.sys.mjs:272:15|fetch@resource://services-settings/Utils.sys.mjs:223:12|fetchLatestChanges@resource://services-settings/Utils.sys.mjs:433:34|sync@resource://services-settings/RemoteSettingsClient.sys.mjs:658:42|get/this._importingPromise<@resource://services-settings/RemoteSettingsClient.sys.mjs:496:28|
  - prototype Object
console.error: services.settings: 
Object
  - prototype Object
    - columnNumber = 0
    - data = null
    - filename = resource://gre/modules/ServiceRequest.sys.mjs
    - lineNumber = 126
    - location = {"name":"open","filename":"resource://gre/modules/ServiceRequest.sys.mjs","sourceId":25,"lineNumber":126,"columnNumber":11,"asyncCause":null,"asyncCaller":null,"caller":{"filename":"resource://services-settings/Utils.sys.mjs","name":"fetch/<","sourceId":24,"lineNumber":272,"columnNumber":15,"asyncCause":null,"asyncCaller":null,"caller":{"filename":"resource://services-settings/Utils.sys.mjs","name":"fetch","sourceId":24,"lineNumber":223,"columnNumber":12,"asyncCause":null,"asyncCaller":null,"caller":{"filename":"resource://services-settings/Utils.sys.mjs","name":"fetchLatestChanges","sourceId":24,"lineNumber":433,"columnNumber":34,"asyncCause":null,"asyncCaller":null,"caller":{"filename":"resource://services-settings/RemoteSettingsClient.sys.mjs","name":"sync","sourceId":22,"lineNumber":658,"columnNumber":42,"asyncCause":null,"asyncCaller":null,"caller":{"filename":"resource://services-settings/RemoteSettingsClient.sys.mjs","name":"get/this._importingPromise<","sourceId":22,"lineNumber":496,"columnNumber":28,"asyncCause":null,"asyncCaller":null,"caller":null,"formattedStack":"get/this._importingPromise<@resource://services-settings/RemoteSettingsClient.sys.mjs:496:28\n","nativeSavedFrame":{}},"formattedStack":"sync@resource://services-settings/RemoteSettingsClient.sys.mjs:658:42\nget/this._importingPromise<@resource://services-settings/RemoteSettingsClient.sys.mjs:496:28\n","nativeSavedFrame":{}},"formattedStack":"fetchLatestChanges@resource://services-settings/Utils.sys.mjs:433:34\nsync@resource://services-settings/RemoteSettingsClient.sys.mjs:658:42\nget/this._importingPromise<@resource://services-settings/RemoteSettingsClient.sys.mjs:496:28\n","nativeSavedFrame":{}},"formattedStack":"fetch@resource://services-settings/Utils.sys.mjs:223:12\nfetchLatestChanges@resource://services-settings/Utils.sys.mjs:433:34\nsync@resource://services-settings/RemoteSettingsClient.sys.mjs:658:42\nget/this._importingPromise<@resource://services-settings/RemoteSettingsClient.sys.mjs:496:28\n","nativeSavedFrame":{}},"formattedStack":"fetch/<@resource://services-settings/Utils.sys.mjs:272:15\nfetch@resource://services-settings/Utils.sys.mjs:223:12\nfetchLatestChanges@resource://services-settings/Utils.sys.mjs:433:34\nsync@resource://services-settings/RemoteSettingsClient.sys.mjs:658:42\nget/this._importingPromise<@resource://services-settings/RemoteSettingsClient.sys.mjs:496:28\n","nativeSavedFrame":{}},"formattedStack":"open@resource://gre/modules/ServiceRequest.sys.mjs:126:11\nfetch/<@resource://services-settings/Utils.sys.mjs:272:15\nfetch@resource://services-settings/Utils.sys.mjs:223:12\nfetchLatestChanges@resource://services-settings/Utils.sys.mjs:433:34\nsync@resource://services-settings/RemoteSettingsClient.sys.mjs:658:42\nget/this._importingPromise<@resource://services-settings/RemoteSettingsClient.sys.mjs:496:28\n","nativeSavedFrame":{}}
    - message = 
    - name = 
    - result = 2152071198
    - stack = open@resource://gre/modules/ServiceRequest.sys.mjs:126:11|fetch/<@resource://services-settings/Utils.sys.mjs:272:15|fetch@resource://services-settings/Utils.sys.mjs:223:12|fetchLatestChanges@resource://services-settings/Utils.sys.mjs:433:34|sync@resource://services-settings/RemoteSettingsClient.sys.mjs:658:42|get/this._importingPromise<@resource://services-settings/RemoteSettingsClient.sys.mjs:496:28|
  - prototype Object
console.error: services.settings: 
Object
  - prototype Object
    - columnNumber = 0
    - data = null
    - filename = resource://gre/modules/ServiceRequest.sys.mjs
    - lineNumber = 126
    - location = {"name":"open","filename":"resource://gre/modules/ServiceRequest.sys.mjs","sourceId":25,"lineNumber":126,"columnNumber":11,"asyncCause":null,"asyncCaller":null,"caller":{"filename":"resource://services-settings/Utils.sys.mjs","name":"fetch/<","sourceId":24,"lineNumber":272,"columnNumber":15,"asyncCause":null,"asyncCaller":null,"caller":{"filename":"resource://services-settings/Utils.sys.mjs","name":"fetch","sourceId":24,"lineNumber":223,"columnNumber":12,"asyncCause":null,"asyncCaller":null,"caller":{"filename":"resource://services-settings/Utils.sys.mjs","name":"fetchLatestChanges","sourceId":24,"lineNumber":433,"columnNumber":34,"asyncCause":null,"asyncCaller":null,"caller":{"filename":"resource://services-settings/RemoteSettingsClient.sys.mjs","name":"sync","sourceId":22,"lineNumber":658,"columnNumber":42,"asyncCause":null,"asyncCaller":null,"caller":{"filename":"resource://services-settings/RemoteSettingsClient.sys.mjs","name":"get/this._importingPromise<","sourceId":22,"lineNumber":496,"columnNumber":28,"asyncCause":null,"asyncCaller":null,"caller":null,"formattedStack":"get/this._importingPromise<@resource://services-settings/RemoteSettingsClient.sys.mjs:496:28\n","nativeSavedFrame":{}},"formattedStack":"sync@resource://services-settings/RemoteSettingsClient.sys.mjs:658:42\nget/this._importingPromise<@resource://services-settings/RemoteSettingsClient.sys.mjs:496:28\n","nativeSavedFrame":{}},"formattedStack":"fetchLatestChanges@resource://services-settings/Utils.sys.mjs:433:34\nsync@resource://services-settings/RemoteSettingsClient.sys.mjs:658:42\nget/this._importingPromise<@resource://services-settings/RemoteSettingsClient.sys.mjs:496:28\n","nativeSavedFrame":{}},"formattedStack":"fetch@resource://services-settings/Utils.sys.mjs:223:12\nfetchLatestChanges@resource://services-settings/Utils.sys.mjs:433:34\nsync@resource://services-settings/RemoteSettingsClient.sys.mjs:658:42\nget/this._importingPromise<@resource://services-settings/RemoteSettingsClient.sys.mjs:496:28\n","nativeSavedFrame":{}},"formattedStack":"fetch/<@resource://services-settings/Utils.sys.mjs:272:15\nfetch@resource://services-settings/Utils.sys.mjs:223:12\nfetchLatestChanges@resource://services-settings/Utils.sys.mjs:433:34\nsync@resource://services-settings/RemoteSettingsClient.sys.mjs:658:42\nget/this._importingPromise<@resource://services-settings/RemoteSettingsClient.sys.mjs:496:28\n","nativeSavedFrame":{}},"formattedStack":"open@resource://gre/modules/ServiceRequest.sys.mjs:126:11\nfetch/<@resource://services-settings/Utils.sys.mjs:272:15\nfetch@resource://services-settings/Utils.sys.mjs:223:12\nfetchLatestChanges@resource://services-settings/Utils.sys.mjs:433:34\nsync@resource://services-settings/RemoteSettingsClient.sys.mjs:658:42\nget/this._importingPromise<@resource://services-settings/RemoteSettingsClient.sys.mjs:496:28\n","nativeSavedFrame":{}}
    - message = 
    - name = 
    - result = 2152071198
    - stack = open@resource://gre/modules/ServiceRequest.sys.mjs:126:11|fetch/<@resource://services-settings/Utils.sys.mjs:272:15|fetch@resource://services-settings/Utils.sys.mjs:223:12|fetchLatestChanges@resource://services-settings/Utils.sys.mjs:433:34|sync@resource://services-settings/RemoteSettingsClient.sys.mjs:658:42|get/this._importingPromise<@resource://services-settings/RemoteSettingsClient.sys.mjs:496:28|
  - prototype Object
console.error: services.settings: 
Object
  - prototype Object
    - columnNumber = 0
    - data = null
    - filename = resource://gre/modules/ServiceRequest.sys.mjs
    - lineNumber = 126
    - location = {"name":"open","filename":"resource://gre/modules/ServiceRequest.sys.mjs","sourceId":25,"lineNumber":126,"columnNumber":11,"asyncCause":null,"asyncCaller":null,"caller":{"filename":"resource://services-settings/Utils.sys.mjs","name":"fetch/<","sourceId":24,"lineNumber":272,"columnNumber":15,"asyncCause":null,"asyncCaller":null,"caller":{"filename":"resource://services-settings/Utils.sys.mjs","name":"fetch","sourceId":24,"lineNumber":223,"columnNumber":12,"asyncCause":null,"asyncCaller":null,"caller":{"filename":"resource://services-settings/Utils.sys.mjs","name":"fetchLatestChanges","sourceId":24,"lineNumber":433,"columnNumber":34,"asyncCause":null,"asyncCaller":null,"caller":{"filename":"resource://services-settings/RemoteSettingsClient.sys.mjs","name":"sync","sourceId":22,"lineNumber":658,"columnNumber":42,"asyncCause":null,"asyncCaller":null,"caller":{"filename":"resource://services-settings/RemoteSettingsClient.sys.mjs","name":"get/this._importingPromise<","sourceId":22,"lineNumber":496,"columnNumber":28,"asyncCause":null,"asyncCaller":null,"caller":null,"formattedStack":"get/this._importingPromise<@resource://services-settings/RemoteSettingsClient.sys.mjs:496:28\n","nativeSavedFrame":{}},"formattedStack":"sync@resource://services-settings/RemoteSettingsClient.sys.mjs:658:42\nget/this._importingPromise<@resource://services-settings/RemoteSettingsClient.sys.mjs:496:28\n","nativeSavedFrame":{}},"formattedStack":"fetchLatestChanges@resource://services-settings/Utils.sys.mjs:433:34\nsync@resource://services-settings/RemoteSettingsClient.sys.mjs:658:42\nget/this._importingPromise<@resource://services-settings/RemoteSettingsClient.sys.mjs:496:28\n","nativeSavedFrame":{}},"formattedStack":"fetch@resource://services-settings/Utils.sys.mjs:223:12\nfetchLatestChanges@resource://services-settings/Utils.sys.mjs:433:34\nsync@resource://services-settings/RemoteSettingsClient.sys.mjs:658:42\nget/this._importingPromise<@resource://services-settings/RemoteSettingsClient.sys.mjs:496:28\n","nativeSavedFrame":{}},"formattedStack":"fetch/<@resource://services-settings/Utils.sys.mjs:272:15\nfetch@resource://services-settings/Utils.sys.mjs:223:12\nfetchLatestChanges@resource://services-settings/Utils.sys.mjs:433:34\nsync@resource://services-settings/RemoteSettingsClient.sys.mjs:658:42\nget/this._importingPromise<@resource://services-settings/RemoteSettingsClient.sys.mjs:496:28\n","nativeSavedFrame":{}},"formattedStack":"open@resource://gre/modules/ServiceRequest.sys.mjs:126:11\nfetch/<@resource://services-settings/Utils.sys.mjs:272:15\nfetch@resource://services-settings/Utils.sys.mjs:223:12\nfetchLatestChanges@resource://services-settings/Utils.sys.mjs:433:34\nsync@resource://services-settings/RemoteSettingsClient.sys.mjs:658:42\nget/this._importingPromise<@resource://services-settings/RemoteSettingsClient.sys.mjs:496:28\n","nativeSavedFrame":{}}
    - message = 
    - name = 
    - result = 2152071198
    - stack = open@resource://gre/modules/ServiceRequest.sys.mjs:126:11|fetch/<@resource://services-settings/Utils.sys.mjs:272:15|fetch@resource://services-settings/Utils.sys.mjs:223:12|fetchLatestChanges@resource://services-settings/Utils.sys.mjs:433:34|sync@resource://services-settings/RemoteSettingsClient.sys.mjs:658:42|get/this._importingPromise<@resource://services-settings/RemoteSettingsClient.sys.mjs:496:28|
  - prototype Object
console.error: services.settings: 
Object
  - prototype Object
    - columnNumber = 0
    - data = null
    - filename = resource://gre/modules/ServiceRequest.sys.mjs
    - lineNumber = 126
    - location = {"name":"open","filename":"resource://gre/modules/ServiceRequest.sys.mjs","sourceId":25,"lineNumber":126,"columnNumber":11,"asyncCause":null,"asyncCaller":null,"caller":{"filename":"resource://services-settings/Utils.sys.mjs","name":"fetch/<","sourceId":24,"lineNumber":272,"columnNumber":15,"asyncCause":null,"asyncCaller":null,"caller":{"filename":"resource://services-settings/Utils.sys.mjs","name":"fetch","sourceId":24,"lineNumber":223,"columnNumber":12,"asyncCause":null,"asyncCaller":null,"caller":{"filename":"resource://services-settings/Utils.sys.mjs","name":"fetchLatestChanges","sourceId":24,"lineNumber":433,"columnNumber":34,"asyncCause":null,"asyncCaller":null,"caller":{"filename":"resource://services-settings/RemoteSettingsClient.sys.mjs","name":"sync","sourceId":22,"lineNumber":658,"columnNumber":42,"asyncCause":null,"asyncCaller":null,"caller":{"filename":"resource://services-settings/RemoteSettingsClient.sys.mjs","name":"get/this._importingPromise<","sourceId":22,"lineNumber":496,"columnNumber":28,"asyncCause":null,"asyncCaller":null,"caller":null,"formattedStack":"get/this._importingPromise<@resource://services-settings/RemoteSettingsClient.sys.mjs:496:28\n","nativeSavedFrame":{}},"formattedStack":"sync@resource://services-settings/RemoteSettingsClient.sys.mjs:658:42\nget/this._importingPromise<@resource://services-settings/RemoteSettingsClient.sys.mjs:496:28\n","nativeSavedFrame":{}},"formattedStack":"fetchLatestChanges@resource://services-settings/Utils.sys.mjs:433:34\nsync@resource://services-settings/RemoteSettingsClient.sys.mjs:658:42\nget/this._importingPromise<@resource://services-settings/RemoteSettingsClient.sys.mjs:496:28\n","nativeSavedFrame":{}},"formattedStack":"fetch@resource://services-settings/Utils.sys.mjs:223:12\nfetchLatestChanges@resource://services-settings/Utils.sys.mjs:433:34\nsync@resource://services-settings/RemoteSettingsClient.sys.mjs:658:42\nget/this._importingPromise<@resource://services-settings/RemoteSettingsClient.sys.mjs:496:28\n","nativeSavedFrame":{}},"formattedStack":"fetch/<@resource://services-settings/Utils.sys.mjs:272:15\nfetch@resource://services-settings/Utils.sys.mjs:223:12\nfetchLatestChanges@resource://services-settings/Utils.sys.mjs:433:34\nsync@resource://services-settings/RemoteSettingsClient.sys.mjs:658:42\nget/this._importingPromise<@resource://services-settings/RemoteSettingsClient.sys.mjs:496:28\n","nativeSavedFrame":{}},"formattedStack":"open@resource://gre/modules/ServiceRequest.sys.mjs:126:11\nfetch/<@resource://services-settings/Utils.sys.mjs:272:15\nfetch@resource://services-settings/Utils.sys.mjs:223:12\nfetchLatestChanges@resource://services-settings/Utils.sys.mjs:433:34\nsync@resource://services-settings/RemoteSettingsClient.sys.mjs:658:42\nget/this._importingPromise<@resource://services-settings/RemoteSettingsClient.sys.mjs:496:28\n","nativeSavedFrame":{}}
    - message = 
    - name = 
    - result = 2152071198
    - stack = open@resource://gre/modules/ServiceRequest.sys.mjs:126:11|fetch/<@resource://services-settings/Utils.sys.mjs:272:15|fetch@resource://services-settings/Utils.sys.mjs:223:12|fetchLatestChanges@resource://services-settings/Utils.sys.mjs:433:34|sync@resource://services-settings/RemoteSettingsClient.sys.mjs:658:42|get/this._importingPromise<@resource://services-settings/RemoteSettingsClient.sys.mjs:496:28|
  - prototype Object
console.error: services.settings: 
Object
  - prototype Object
    - columnNumber = 0
    - data = null
    - filename = resource://gre/modules/ServiceRequest.sys.mjs
    - lineNumber = 126
    - location = {"name":"open","filename":"resource://gre/modules/ServiceRequest.sys.mjs","sourceId":25,"lineNumber":126,"columnNumber":11,"asyncCause":null,"asyncCaller":null,"caller":{"filename":"resource://services-settings/Utils.sys.mjs","name":"fetch/<","sourceId":24,"lineNumber":272,"columnNumber":15,"asyncCause":null,"asyncCaller":null,"caller":{"filename":"resource://services-settings/Utils.sys.mjs","name":"fetch","sourceId":24,"lineNumber":223,"columnNumber":12,"asyncCause":null,"asyncCaller":null,"caller":{"filename":"resource://services-settings/Utils.sys.mjs","name":"fetchLatestChanges","sourceId":24,"lineNumber":433,"columnNumber":34,"asyncCause":null,"asyncCaller":null,"caller":{"filename":"resource://services-settings/RemoteSettingsClient.sys.mjs","name":"sync","sourceId":22,"lineNumber":658,"columnNumber":42,"asyncCause":null,"asyncCaller":null,"caller":{"filename":"resource://services-settings/RemoteSettingsClient.sys.mjs","name":"get/this._importingPromise<","sourceId":22,"lineNumber":496,"columnNumber":28,"asyncCause":null,"asyncCaller":null,"caller":null,"formattedStack":"get/this._importingPromise<@resource://services-settings/RemoteSettingsClient.sys.mjs:496:28\n","nativeSavedFrame":{}},"formattedStack":"sync@resource://services-settings/RemoteSettingsClient.sys.mjs:658:42\nget/this._importingPromise<@resource://services-settings/RemoteSettingsClient.sys.mjs:496:28\n","nativeSavedFrame":{}},"formattedStack":"fetchLatestChanges@resource://services-settings/Utils.sys.mjs:433:34\nsync@resource://services-settings/RemoteSettingsClient.sys.mjs:658:42\nget/this._importingPromise<@resource://services-settings/RemoteSettingsClient.sys.mjs:496:28\n","nativeSavedFrame":{}},"formattedStack":"fetch@resource://services-settings/Utils.sys.mjs:223:12\nfetchLatestChanges@resource://services-settings/Utils.sys.mjs:433:34\nsync@resource://services-settings/RemoteSettingsClient.sys.mjs:658:42\nget/this._importingPromise<@resource://services-settings/RemoteSettingsClient.sys.mjs:496:28\n","nativeSavedFrame":{}},"formattedStack":"fetch/<@resource://services-settings/Utils.sys.mjs:272:15\nfetch@resource://services-settings/Utils.sys.mjs:223:12\nfetchLatestChanges@resource://services-settings/Utils.sys.mjs:433:34\nsync@resource://services-settings/RemoteSettingsClient.sys.mjs:658:42\nget/this._importingPromise<@resource://services-settings/RemoteSettingsClient.sys.mjs:496:28\n","nativeSavedFrame":{}},"formattedStack":"open@resource://gre/modules/ServiceRequest.sys.mjs:126:11\nfetch/<@resource://services-settings/Utils.sys.mjs:272:15\nfetch@resource://services-settings/Utils.sys.mjs:223:12\nfetchLatestChanges@resource://services-settings/Utils.sys.mjs:433:34\nsync@resource://services-settings/RemoteSettingsClient.sys.mjs:658:42\nget/this._importingPromise<@resource://services-settings/RemoteSettingsClient.sys.mjs:496:28\n","nativeSavedFrame":{}}
    - message = 
    - name = 
    - result = 2152071198
    - stack = open@resource://gre/modules/ServiceRequest.sys.mjs:126:11|fetch/<@resource://services-settings/Utils.sys.mjs:272:15|fetch@resource://services-settings/Utils.sys.mjs:223:12|fetchLatestChanges@resource://services-settings/Utils.sys.mjs:433:34|sync@resource://services-settings/RemoteSettingsClient.sys.mjs:658:42|get/this._importingPromise<@resource://services-settings/RemoteSettingsClient.sys.mjs:496:28|
  - prototype Object
console.error: services.settings: 
Object
  - prototype Object
    - columnNumber = 0
    - data = null
    - filename = resource://gre/modules/ServiceRequest.sys.mjs
    - lineNumber = 126
    - location = {"name":"open","filename":"resource://gre/modules/ServiceRequest.sys.mjs","sourceId":25,"lineNumber":126,"columnNumber":11,"asyncCause":null,"asyncCaller":null,"caller":{"filename":"resource://services-settings/Utils.sys.mjs","name":"fetch/<","sourceId":24,"lineNumber":272,"columnNumber":15,"asyncCause":null,"asyncCaller":null,"caller":{"filename":"resource://services-settings/Utils.sys.mjs","name":"fetch","sourceId":24,"lineNumber":223,"columnNumber":12,"asyncCause":null,"asyncCaller":null,"caller":{"filename":"resource://services-settings/Utils.sys.mjs","name":"fetchLatestChanges","sourceId":24,"lineNumber":433,"columnNumber":34,"asyncCause":null,"asyncCaller":null,"caller":{"filename":"resource://services-settings/RemoteSettingsClient.sys.mjs","name":"sync","sourceId":22,"lineNumber":658,"columnNumber":42,"asyncCause":null,"asyncCaller":null,"caller":{"filename":"resource://services-settings/RemoteSettingsClient.sys.mjs","name":"get/this._importingPromise<","sourceId":22,"lineNumber":496,"columnNumber":28,"asyncCause":null,"asyncCaller":null,"caller":null,"formattedStack":"get/this._importingPromise<@resource://services-settings/RemoteSettingsClient.sys.mjs:496:28\n","nativeSavedFrame":{}},"formattedStack":"sync@resource://services-settings/RemoteSettingsClient.sys.mjs:658:42\nget/this._importingPromise<@resource://services-settings/RemoteSettingsClient.sys.mjs:496:28\n","nativeSavedFrame":{}},"formattedStack":"fetchLatestChanges@resource://services-settings/Utils.sys.mjs:433:34\nsync@resource://services-settings/RemoteSettingsClient.sys.mjs:658:42\nget/this._importingPromise<@resource://services-settings/RemoteSettingsClient.sys.mjs:496:28\n","nativeSavedFrame":{}},"formattedStack":"fetch@resource://services-settings/Utils.sys.mjs:223:12\nfetchLatestChanges@resource://services-settings/Utils.sys.mjs:433:34\nsync@resource://services-settings/RemoteSettingsClient.sys.mjs:658:42\nget/this._importingPromise<@resource://services-settings/RemoteSettingsClient.sys.mjs:496:28\n","nativeSavedFrame":{}},"formattedStack":"fetch/<@resource://services-settings/Utils.sys.mjs:272:15\nfetch@resource://services-settings/Utils.sys.mjs:223:12\nfetchLatestChanges@resource://services-settings/Utils.sys.mjs:433:34\nsync@resource://services-settings/RemoteSettingsClient.sys.mjs:658:42\nget/this._importingPromise<@resource://services-settings/RemoteSettingsClient.sys.mjs:496:28\n","nativeSavedFrame":{}},"formattedStack":"open@resource://gre/modules/ServiceRequest.sys.mjs:126:11\nfetch/<@resource://services-settings/Utils.sys.mjs:272:15\nfetch@resource://services-settings/Utils.sys.mjs:223:12\nfetchLatestChanges@resource://services-settings/Utils.sys.mjs:433:34\nsync@resource://services-settings/RemoteSettingsClient.sys.mjs:658:42\nget/this._importingPromise<@resource://services-settings/RemoteSettingsClient.sys.mjs:496:28\n","nativeSavedFrame":{}}
    - message = 
    - name = 
    - result = 2152071198
    - stack = open@resource://gre/modules/ServiceRequest.sys.mjs:126:11|fetch/<@resource://services-settings/Utils.sys.mjs:272:15|fetch@resource://services-settings/Utils.sys.mjs:223:12|fetchLatestChanges@resource://services-settings/Utils.sys.mjs:433:34|sync@resource://services-settings/RemoteSettingsClient.sys.mjs:658:42|get/this._importingPromise<@resource://services-settings/RemoteSettingsClient.sys.mjs:496:28|
  - prototype Object
console.error: services.settings: 
Object
  - prototype Object
    - columnNumber = 0
    - data = null
    - filename = resource://gre/modules/ServiceRequest.sys.mjs
    - lineNumber = 126
    - location = {"name":"open","filename":"resource://gre/modules/ServiceRequest.sys.mjs","sourceId":25,"lineNumber":126,"columnNumber":11,"asyncCause":null,"asyncCaller":null,"caller":{"filename":"resource://services-settings/Utils.sys.mjs","name":"fetch/<","sourceId":24,"lineNumber":272,"columnNumber":15,"asyncCause":null,"asyncCaller":null,"caller":{"filename":"resource://services-settings/Utils.sys.mjs","name":"fetch","sourceId":24,"lineNumber":223,"columnNumber":12,"asyncCause":null,"asyncCaller":null,"caller":{"filename":"resource://services-settings/Utils.sys.mjs","name":"fetchLatestChanges","sourceId":24,"lineNumber":433,"columnNumber":34,"asyncCause":null,"asyncCaller":null,"caller":{"filename":"resource://services-settings/RemoteSettingsClient.sys.mjs","name":"sync","sourceId":22,"lineNumber":658,"columnNumber":42,"asyncCause":null,"asyncCaller":null,"caller":{"filename":"resource://services-settings/RemoteSettingsClient.sys.mjs","name":"get/this._importingPromise<","sourceId":22,"lineNumber":496,"columnNumber":28,"asyncCause":null,"asyncCaller":null,"caller":null,"formattedStack":"get/this._importingPromise<@resource://services-settings/RemoteSettingsClient.sys.mjs:496:28\n","nativeSavedFrame":{}},"formattedStack":"sync@resource://services-settings/RemoteSettingsClient.sys.mjs:658:42\nget/this._importingPromise<@resource://services-settings/RemoteSettingsClient.sys.mjs:496:28\n","nativeSavedFrame":{}},"formattedStack":"fetchLatestChanges@resource://services-settings/Utils.sys.mjs:433:34\nsync@resource://services-settings/RemoteSettingsClient.sys.mjs:658:42\nget/this._importingPromise<@resource://services-settings/RemoteSettingsClient.sys.mjs:496:28\n","nativeSavedFrame":{}},"formattedStack":"fetch@resource://services-settings/Utils.sys.mjs:223:12\nfetchLatestChanges@resource://services-settings/Utils.sys.mjs:433:34\nsync@resource://services-settings/RemoteSettingsClient.sys.mjs:658:42\nget/this._importingPromise<@resource://services-settings/RemoteSettingsClient.sys.mjs:496:28\n","nativeSavedFrame":{}},"formattedStack":"fetch/<@resource://services-settings/Utils.sys.mjs:272:15\nfetch@resource://services-settings/Utils.sys.mjs:223:12\nfetchLatestChanges@resource://services-settings/Utils.sys.mjs:433:34\nsync@resource://services-settings/RemoteSettingsClient.sys.mjs:658:42\nget/this._importingPromise<@resource://services-settings/RemoteSettingsClient.sys.mjs:496:28\n","nativeSavedFrame":{}},"formattedStack":"open@resource://gre/modules/ServiceRequest.sys.mjs:126:11\nfetch/<@resource://services-settings/Utils.sys.mjs:272:15\nfetch@resource://services-settings/Utils.sys.mjs:223:12\nfetchLatestChanges@resource://services-settings/Utils.sys.mjs:433:34\nsync@resource://services-settings/RemoteSettingsClient.sys.mjs:658:42\nget/this._importingPromise<@resource://services-settings/RemoteSettingsClient.sys.mjs:496:28\n","nativeSavedFrame":{}}
    - message = 
    - name = 
    - result = 2152071198
    - stack = open@resource://gre/modules/ServiceRequest.sys.mjs:126:11|fetch/<@resource://services-settings/Utils.sys.mjs:272:15|fetch@resource://services-settings/Utils.sys.mjs:223:12|fetchLatestChanges@resource://services-settings/Utils.sys.mjs:433:34|sync@resource://services-settings/RemoteSettingsClient.sys.mjs:658:42|get/this._importingPromise<@resource://services-settings/RemoteSettingsClient.sys.mjs:496:28|
  - prototype Object
JavaScript error: resource:///modules/AboutNewTab.sys.mjs, line 242: NS_ERROR_ILLEGAL_VALUE: Component returned failure code: 0x80070057 (NS_ERROR_ILLEGAL_VALUE) [nsIObserverService.removeObserver]
JavaScript error: resource://gre/modules/JSONFile.sys.mjs, line 432: TypeError: can't access property "toJSONSafe", this._data is null
