1763647872845	geckodriver	INFO	Listening on 127.0.0.1:55319
1763647872857	mozrunner::runner	INFO	Running command: MOZ_CRASHREPORTER="1" MOZ_CRASHREPORTER_NO_REPORT="1" MOZ_CRASHREPORTER_SHUTDOWN="1" "/Users/nurkhantashimov ... s" "localhost" "-foreground" "-no-remote" "-profile" "/var/folders/gt/6f4v4jmx555d437cvfwl7td40000gn/T/rust_mozprofilewYTLrU"
console.warn: services.settings: Ignoring preference override of remote settings server
console.warn: services.settings: Allow by setting MOZ_REMOTE_SETTINGS_DEVTOOLS=1 in the environment
1763647873110	Marionette	INFO	Marionette enabled
1763647873255	Marionette	INFO	Listening on port 55340
WebDriver BiDi listening on ws://127.0.0.1:55320
Read port: 55340
1763647873358	RemoteAgent	WARN	TLS certificate errors will be ignored for this session
UNSUPPORTED (log once): POSSIBLE ISSUE: unit 1 GLD_TEXTURE_INDEX_2D is unloadable and bound to sampler type (Float) - using zero texture because texture unloadable
JavaScript warning: https://www.booking.com/__challenge_h78IRKX3kpQxScCExxShBNwRUlb/d8c14d4960ca/a18a4859af9c/challenge.js, line 1: WEBGL_debug_renderer_info is deprecated in Firefox and will be removed. Please use RENDERER.
JavaScript warning: https://www.booking.com/__challenge_h78IRKX3kpQxScCExxShBNwRUlb/d8c14d4960ca/a18a4859af9c/challenge.js, line 1: WEBGL_debug_renderer_info is deprecated in Firefox and will be removed. Please use RENDERER.
JavaScript error: resource:///modules/sessionstore/SessionStore.sys.mjs, line 4387: TypeError: can't access property "closedGroups", winData is undefined
JavaScript warning: https://cf.bstatic.com/psb/capla/static/js/dc32f6b7.e90b1dc2.chunk.js, line 2: Script terminated by timeout at:
p@https://cf.bstatic.com/psb/capla/static/js/dc32f6b7.e90b1dc2.chunk.js:2:162522

JavaScript warning: https://gum.criteo.com/syncframe?origin=rtus&topUrl=www.booking.com#{%22bundle%22:{%22value%22:null,%22origin%22:0},%22optout%22:{%22value%22:false,%22origin%22:0},%22tld%22:%22booking.com%22,%22topUrl%22:%22www.booking.com%22,%22origin%22:%22rtus%22,%22rtusCallerId%22:740,%22requestId%22:%220.2233904022087988%22}, line 13: Script terminated by timeout at:
o.prototype.flushEventQueue@https://gum.criteo.com/syncframe?origin=rtus&topUrl=www.booking.com#{%22bundle%22:{%22value%22:null,%22origin%22:0},%22optout%22:{%22value%22:false,%22origin%22:0},%22tld%22:%22booking.com%22,%22topUrl%22:%22www.booking.com%22,%22origin%22:%22rtus%22,%22rtusCallerId%22:740,%22requestId%22:%220.2233904022087988%22}:13:3137
o/<@https://gum.criteo.com/syncframe?origin=rtus&topUrl=www.booking.com#{%22bundle%22:{%22value%22:null,%22origin%22:0},%22optout%22:{%22value%22:false,%22origin%22:0},%22tld%22:%22booking.com%22,%22topUrl%22:%22www.booking.com%22,%22origin%22:%22rtus%22,%22rtusCallerId%22:740,%22requestId%22:%220.2233904022087988%22}:13:3642

1763647929249	Marionette	INFO	Stopped listening on port 55340
console.error: (new TypeError("NetworkError when attempting to fetch resource.", ""))
console.error: (new Error("OHTTP was configured for https://ads.mozilla.org/v1/delete_user but we couldn't fetch a valid config", "moz-src:///browser/modules/ContextId.sys.mjs", 234))
console.error: "Failed to fetch https://spocs.getpocket.com/user:" "NetworkError when attempting to fetch resource."
console.warn: TopSitesFeed: Failed to fetch data from MARS server: NetworkError when attempting to fetch resource.
JavaScript error: resource://gre/modules/ObliviousHTTP.sys.mjs, line 117: NS_ERROR_XPC_CANT_CONVERT_PRIMITIVE_TO_ARRAY: Cannot convert primitive JavaScript value into an array arg 2 [nsIObliviousHttpService.newChannel]
JavaScript error: resource:///modules/AboutNewTab.sys.mjs, line 242: NS_ERROR_ILLEGAL_VALUE: Component returned failure code: 0x80070057 (NS_ERROR_ILLEGAL_VALUE) [nsIObserverService.removeObserver]
JavaScript error: resource://gre/modules/JSONFile.sys.mjs, line 432: TypeError: can't access property "toJSONSafe", this._data is null
